--------------------Moonraker Log Start--------------------
data_path: /home/pi/printer_data
is_default_data_path: False
config_file: /home/pi/printer_data/config/moonraker.conf
startup_warnings: []
verbose: False
debug: False
asyncio_debug: False
is_backup_config: False
is_python_package: False
log_file: /home/pi/printer_data/logs/moonraker.log
software_version: v0.8.0-35-geff0901
python_version: 3.9.2 (default, Mar 12 2021, 04:06:34)  [GCC 10.2.1 20210110]

#################### Moonraker Configuration ####################

[server]
host = 0.0.0.0
port = 7125
max_upload_size = 1024
klippy_uds_address = ~/printer_data/comms/klippy.sock

[file_manager]
enable_object_processing = True

[authorization]
cors_domains = 
	https://my.mainsail.xyz
	http://my.mainsail.xyz
	http://*.local
	http://*.lan
trusted_clients = 
	10.0.0.0/8
	127.0.0.0/8
	169.254.0.0/16
	172.16.0.0/12
	192.168.0.0/16
	FE80::/10
	::1/128

[octoprint_compat]

[history]

[announcements]
subscriptions = 
	octoeverywhere

[update_manager]
refresh_interval = 168
enable_auto_refresh = True

[update_manager mainsail]
type = web
channel = stable
repo = mainsail-crew/mainsail
path = ~/mainsail

[update_manager mainsail-config]
type = git_repo
primary_branch = master
path = ~/mainsail-config
origin = https://github.com/mainsail-crew/mainsail-config.git
managed_services = klipper

[update_manager timelapse]
type = git_repo
primary_branch = main
path = ~/moonraker-timelapse
origin = https://github.com/mainsail-crew/moonraker-timelapse.git
managed_services = klipper moonraker

[timelapse]
output_path = ~/timelapse/
ffmpeg_binary_path = /usr/bin/ffmpeg

[update_manager sonar]
type = git_repo
path = ~/sonar
origin = https://github.com/mainsail-crew/sonar.git
primary_branch = main
managed_services = sonar
install_script = tools/install.sh

[update_manager crowsnest]
type = git_repo
path = ~/crowsnest
origin = https://github.com/mainsail-crew/crowsnest.git
install_script = tools/install.sh

[update_manager octoeverywhere]
type = git_repo
channel = beta
path = /home/pi/octoeverywhere
origin = https://github.com/QuinnDamerell/OctoPrint-OctoEverywhere.git
env = /home/pi/octoeverywhere-env/bin/python
requirements = requirements.txt
install_script = install.sh
managed_services = 
	octoeverywhere

[update_manager mobileraker]
type = git_repo
path = ~/mobileraker_companion
origin = https://github.com/Clon1998/mobileraker_companion.git
primary_branch = main
managed_services = mobileraker
env = ~/mobileraker-env/bin/python
requirements = scripts/mobileraker-requirements.txt
install_script = scripts/install-mobileraker-companion.sh

[update_manager CanBoot]
type = git_repo
path = ~/CanBoot
origin = https://github.com/Arksine/CanBoot.git
is_system_service = False

#################################################################
All Configuration Files:
/home/pi/printer_data/config/moonraker.conf
/home/pi/printer_data/config/octoeverywhere-system.cfg
#################################################################
Unsafe Shutdown Count: 25

System Info:

***python***
  version: sys.version_info(major=3, minor=9, micro=2, releaselevel='final', serial=0)
  version_string: 3.9.2 (default, Mar 12 2021, 04:06:34)  [GCC 10.2.1 20210110]

***cpu_info***
  cpu_count: 4
  bits: 32bit
  processor: aarch64
  cpu_desc: 
  serial_number: 100000002b686c93
  hardware_desc: BCM2835
  model: Raspberry Pi 4 Model B Rev 1.4
  total_memory: 3705528
  memory_units: kB

***sd_info***
  manufacturer_id: 03
  manufacturer: Sandisk
  oem_id: 5344
  product_name: SD32G
  product_revision: 8.5
  serial_number: fcf67def
  manufacturer_date: 3/2022
  capacity: 29.7 GiB
  total_bytes: 31927042048

***distribution***
  name: Raspbian GNU/Linux 11 (bullseye)
  id: raspbian
  version: 11
  version_parts: {'major': '11', 'minor': '', 'build_number': ''}
  like: debian
  codename: bullseye
  release_info: {'name': 'MainsailOS', 'version_id': '1.0.1', 'codename': 'bullseye', 'id': 'mainsailos'}

***virtualization***
  virt_type: none
  virt_identifier: none

***network***

***canbus***

***Allowed Services***
  klipper_mcu
  webcamd
  MoonCord
  KlipperScreen
  moonraker-telegram-bot
  moonraker-obico
  sonar
  crowsnest
  octoeverywhere
  mobileraker

Systemd unit moonraker.service:
unit_name: moonraker.service
is_default: True
manager: systemd
Properties:
**Requires=['system.slice', 'network-online.target', 'sysinit.target', '-.mount']
**After=['klipper.service', 'system.slice', 'network-online.target', 'basic.target', 'systemd-journald.socket', 'sysinit.target', '-.mount']
**SupplementaryGroups=['moonraker-admin']
**EnvironmentFiles=/home/pi/printer_data/systemd/moonraker.env
**ExecStart=/home/pi/moonraker-env/bin/python $MOONRAKER_ARGS
**WorkingDirectory=/home/pi/moonraker
**FragmentPath=/etc/systemd/system/moonraker.service
**Description=API Server for Klipper SV1
**User=pi

Systemd unit klipper.service:
unit_name: klipper.service
is_default: True
manager: systemd
Properties:
**Requires=['system.slice', 'sysinit.target', '-.mount']
**After=['-.mount', 'basic.target', 'systemd-journald.socket', 'network-online.target', 'sysinit.target', 'system.slice']
**SupplementaryGroups=[]
**EnvironmentFiles=/home/pi/printer_data/systemd/klipper.env
**ExecStart=/home/pi/klippy-env/bin/python $KLIPPER_ARGS
**WorkingDirectory=/home/pi/klipper
**FragmentPath=/etc/systemd/system/klipper.service
**Description=Klipper 3D Printer Firmware SV1
**User=pi
Klipper Version: v0.11.0-180-g011b4e39
2023-04-21 22:08:47,399 [websockets.py:on_close()] - Websocket Closed: ID: 3893948272 Close Code: 1000, Close Reason: None, Pong Time Elapsed: 0.02
2023-04-21 22:08:49,409 [app.py:log_request()] - 101 GET /websocket (127.0.0.1) [_TRUSTED_USER_] 2.00ms
2023-04-21 22:08:49,410 [websockets.py:open()] - Websocket Opened: ID: 3883747528, Proxied: False, User Agent: , Host Name: 0.0.0.0
2023-04-21 22:08:49,414 [websockets.py:_handle_identify()] - Websocket 3883747528 Client Identified - Name: OctoEverywhere, Version: 2.5.2, Type: other
2023-04-21 22:09:08,611 [authorization.py:_check_trusted_connection()] - Trusted Connection Detected, IP: 10.0.0.5
2023-04-21 22:09:08,612 [app.py:log_request()] - 101 GET /websocket (10.0.0.5) [_TRUSTED_USER_] 3.38ms
2023-04-21 22:09:08,613 [websockets.py:open()] - Websocket Opened: ID: 3883746328, Proxied: True, User Agent: Mozilla/5.0 (Windows NT 10.0; Win64; x64) AppleWebKit/537.36 (KHTML, like Gecko) Chrome/112.0.0.0 Safari/537.36, Host Name: 10.0.0.99
2023-04-21 22:09:08,619 [websockets.py:_handle_identify()] - Websocket 3883746328 Client Identified - Name: mainsail, Version: 2.5.1, Type: web
2023-04-21 22:10:09,852 [app.py:log_request()] - 201 POST /server/files/upload (10.0.0.5) [_TRUSTED_USER_] 17.36ms
2023-04-21 22:10:10,908 [klippy_connection.py:_on_connection_closed()] - Klippy Connection Removed
2023-04-21 22:10:10,912 [websockets.py:on_close()] - Websocket Closed: ID: 3883747528 Close Code: 1000, Close Reason: None, Pong Time Elapsed: 1.50
2023-04-21 22:10:10,940 [app.py:log_request()] - 404 GET /machine/device_power/devices (127.0.0.1) [No User] 1.91ms
2023-04-21 22:10:12,168 [klippy_connection.py:_do_connect()] - Klippy Connection Established
2023-04-21 22:10:12,923 [app.py:log_request()] - 101 GET /websocket (127.0.0.1) [_TRUSTED_USER_] 1.72ms
2023-04-21 22:10:12,924 [websockets.py:open()] - Websocket Opened: ID: 3893947168, Proxied: False, User Agent: , Host Name: 0.0.0.0
2023-04-21 22:10:12,928 [websockets.py:_handle_identify()] - Websocket 3893947168 Client Identified - Name: OctoEverywhere, Version: 2.5.2, Type: other
2023-04-21 22:10:14,377 [app.py:log_request()] - 404 GET /machine/device_power/devices (127.0.0.1) [No User] 3.22ms
2023-04-21 22:10:14,743 [klippy_connection.py:_request_initial_subscriptions()] - Webhooks Subscribed
2023-04-21 22:10:14,745 [klippy_connection.py:_request_initial_subscriptions()] - GCode Output Subscribed
2023-04-21 22:10:14,816 [file_manager.py:get_file_list()] - Updating File List <gcodes>...
2023-04-21 22:10:15,078 [common.py:build_error()] - JSON-RPC Request Error: 400
Connection already identified: {'name': 'OctoEverywhere', 'version': '2.5.2', 'type': 'other', 'url': 'https://octoeverywhere.com'}
Traceback (most recent call last):
  File "/home/pi/moonraker/moonraker/common.py", line 541, in execute_method
    result = await callback(params)
  File "/home/pi/moonraker/moonraker/websockets.py", line 131, in _handle_identify
    raise self.server.error(
moonraker.utils.ServerError: Connection already identified: {'name': 'OctoEverywhere', 'version': '2.5.2', 'type': 'other', 'url': 'https://octoeverywhere.com'}
2023-04-21 22:10:15,081 [job_state.py:_handle_started()] - Job state initialized: standby
2023-04-21 22:10:15,264 [klippy_connection.py:_check_ready()] - Klippy ready
2023-04-21 22:10:15,743 [data_store.py:_init_sensors()] - Configuring available sensors: ['heater_bed', 'temperature_sensor Octopus', 'temperature_sensor Raspi', 'temperature_sensor FLY-SB', 'temperature_sensor sb-ntc', 'extruder']
